2015-05-21 6:07:52 - PHP Notice:  Undefined index: email in /home/dothotuo/public_html/catalog/controller/module/pavnewsletter.php on line 66
2015-05-21 6:07:52 - PHP Notice:  Undefined index: email in /home/dothotuo/public_html/catalog/controller/module/pavnewsletter.php on line 68
2015-05-21 6:07:52 - PHP Notice:  Undefined index: email in /home/dothotuo/public_html/catalog/controller/module/pavnewsletter.php on line 69
2015-06-01 15:22:36 - PHP Notice:  Undefined index: status in /var/www/html/dothotuongphat2/admin/view/template/module/pavmap/module.tpl on line 99
2015-06-02 11:00:39 - PHP Notice:  Undefined index: status in /var/www/html/dothotuongphat2/admin/view/template/module/pavmap/module.tpl on line 99
2015-06-11 0:54:17 - PHP Notice:  Undefined property: stdClass::$module in /var/www/html/dothotuongphat2/catalog/view/theme/megashop/template/module/pavhomebuilder.tpl on line 20
2015-06-11 0:54:17 - PHP Notice:  Undefined property: stdClass::$module in /var/www/html/dothotuongphat2/catalog/view/theme/megashop/template/module/pavhomebuilder.tpl on line 20
2015-06-11 0:54:17 - PHP Notice:  Undefined property: stdClass::$module in /var/www/html/dothotuongphat2/catalog/view/theme/megashop/template/module/pavhomebuilder.tpl on line 20
2015-06-11 0:54:17 - PHP Notice:  Undefined property: stdClass::$module in /var/www/html/dothotuongphat2/catalog/view/theme/megashop/template/module/pavhomebuilder.tpl on line 20
2015-06-11 0:54:17 - PHP Notice:  Undefined property: stdClass::$module in /var/www/html/dothotuongphat2/catalog/view/theme/megashop/template/module/pavhomebuilder.tpl on line 20
2015-06-11 0:54:17 - PHP Notice:  Undefined property: stdClass::$module in /var/www/html/dothotuongphat2/catalog/view/theme/megashop/template/module/pavhomebuilder.tpl on line 20
2015-06-11 0:54:17 - PHP Notice:  Undefined property: stdClass::$module in /var/www/html/dothotuongphat2/catalog/view/theme/megashop/template/module/pavhomebuilder.tpl on line 20
2015-06-11 0:54:17 - PHP Notice:  Undefined property: stdClass::$module in /var/www/html/dothotuongphat2/catalog/view/theme/megashop/template/module/pavhomebuilder.tpl on line 20
2015-06-11 0:54:17 - PHP Notice:  Undefined property: stdClass::$module in /var/www/html/dothotuongphat2/catalog/view/theme/megashop/template/module/pavhomebuilder.tpl on line 20
2015-06-11 0:54:17 - PHP Notice:  Undefined property: stdClass::$module in /var/www/html/dothotuongphat2/catalog/view/theme/megashop/template/module/pavhomebuilder.tpl on line 20
2015-06-11 0:54:17 - PHP Notice:  Undefined property: stdClass::$module in /var/www/html/dothotuongphat2/catalog/view/theme/megashop/template/module/pavhomebuilder.tpl on line 20
2015-06-11 0:54:17 - PHP Notice:  Undefined property: stdClass::$module in /var/www/html/dothotuongphat2/catalog/view/theme/megashop/template/module/pavhomebuilder.tpl on line 20
2015-06-11 0:54:17 - PHP Notice:  Undefined property: stdClass::$module in /var/www/html/dothotuongphat2/catalog/view/theme/megashop/template/module/pavhomebuilder.tpl on line 20
2015-06-11 0:54:17 - PHP Notice:  Undefined property: stdClass::$module in /var/www/html/dothotuongphat2/catalog/view/theme/megashop/template/module/pavhomebuilder.tpl on line 20
2015-06-11 0:54:52 - PHP Notice:  Undefined property: stdClass::$module in /var/www/html/dothotuongphat2/catalog/view/theme/megashop/template/module/pavhomebuilder.tpl on line 20
2015-06-11 0:54:52 - PHP Notice:  Undefined property: stdClass::$module in /var/www/html/dothotuongphat2/catalog/view/theme/megashop/template/module/pavhomebuilder.tpl on line 20
2015-06-11 0:54:52 - PHP Notice:  Undefined property: stdClass::$module in /var/www/html/dothotuongphat2/catalog/view/theme/megashop/template/module/pavhomebuilder.tpl on line 20
2015-06-11 0:54:52 - PHP Notice:  Undefined property: stdClass::$module in /var/www/html/dothotuongphat2/catalog/view/theme/megashop/template/module/pavhomebuilder.tpl on line 20
2015-06-11 0:54:52 - PHP Notice:  Undefined property: stdClass::$module in /var/www/html/dothotuongphat2/catalog/view/theme/megashop/template/module/pavhomebuilder.tpl on line 20
2015-06-11 0:54:52 - PHP Notice:  Undefined property: stdClass::$module in /var/www/html/dothotuongphat2/catalog/view/theme/megashop/template/module/pavhomebuilder.tpl on line 20
2015-06-11 0:54:52 - PHP Notice:  Undefined property: stdClass::$module in /var/www/html/dothotuongphat2/catalog/view/theme/megashop/template/module/pavhomebuilder.tpl on line 20
2015-06-11 0:54:52 - PHP Notice:  Undefined property: stdClass::$module in /var/www/html/dothotuongphat2/catalog/view/theme/megashop/template/module/pavhomebuilder.tpl on line 20
2015-06-11 0:54:52 - PHP Notice:  Undefined property: stdClass::$module in /var/www/html/dothotuongphat2/catalog/view/theme/megashop/template/module/pavhomebuilder.tpl on line 20
2015-06-11 0:54:52 - PHP Notice:  Undefined property: stdClass::$module in /var/www/html/dothotuongphat2/catalog/view/theme/megashop/template/module/pavhomebuilder.tpl on line 20
2015-06-11 0:54:52 - PHP Notice:  Undefined property: stdClass::$module in /var/www/html/dothotuongphat2/catalog/view/theme/megashop/template/module/pavhomebuilder.tpl on line 20
2015-06-11 0:54:52 - PHP Notice:  Undefined property: stdClass::$module in /var/www/html/dothotuongphat2/catalog/view/theme/megashop/template/module/pavhomebuilder.tpl on line 20
2015-06-11 0:54:52 - PHP Notice:  Undefined property: stdClass::$module in /var/www/html/dothotuongphat2/catalog/view/theme/megashop/template/module/pavhomebuilder.tpl on line 20
2015-06-11 0:54:52 - PHP Notice:  Undefined property: stdClass::$module in /var/www/html/dothotuongphat2/catalog/view/theme/megashop/template/module/pavhomebuilder.tpl on line 20
2015-06-11 1:03:12 - PHP Notice:  Undefined variable: id in /var/www/html/dothotuongphat2/catalog/view/theme/megashop/template/module/pavhomebuilder.tpl on line 23
2015-06-11 1:03:12 - PHP Notice:  Undefined variable: tabs in /var/www/html/dothotuongphat2/catalog/view/theme/megashop/template/module/pavhomebuilder.tpl on line 24
2015-06-11 1:03:12 - PHP Warning:  Invalid argument supplied for foreach() in /var/www/html/dothotuongphat2/catalog/view/theme/megashop/template/module/pavhomebuilder.tpl on line 24
2015-06-11 1:03:12 - PHP Notice:  Undefined variable: id in /var/www/html/dothotuongphat2/catalog/view/theme/megashop/template/module/pavhomebuilder.tpl on line 23
2015-06-11 1:03:12 - PHP Notice:  Undefined variable: tabs in /var/www/html/dothotuongphat2/catalog/view/theme/megashop/template/module/pavhomebuilder.tpl on line 24
2015-06-11 1:03:12 - PHP Warning:  Invalid argument supplied for foreach() in /var/www/html/dothotuongphat2/catalog/view/theme/megashop/template/module/pavhomebuilder.tpl on line 24
2015-06-11 1:04:57 - PHP Notice:  Undefined variable: id in /var/www/html/dothotuongphat2/catalog/view/theme/megashop/template/module/pavhomebuilder.tpl on line 23
2015-06-11 1:04:57 - PHP Notice:  Undefined variable: id in /var/www/html/dothotuongphat2/catalog/view/theme/megashop/template/module/pavhomebuilder.tpl on line 25
2015-06-11 1:04:57 - PHP Notice:  Undefined variable: tab in /var/www/html/dothotuongphat2/catalog/view/theme/megashop/template/module/pavhomebuilder.tpl on line 25
2015-06-11 1:04:57 - PHP Notice:  Undefined variable: tab in /var/www/html/dothotuongphat2/catalog/view/theme/megashop/template/module/pavhomebuilder.tpl on line 25
2015-06-11 1:04:57 - PHP Notice:  Undefined variable: id in /var/www/html/dothotuongphat2/catalog/view/theme/megashop/template/module/pavhomebuilder.tpl on line 23
2015-06-11 1:04:57 - PHP Notice:  Undefined variable: id in /var/www/html/dothotuongphat2/catalog/view/theme/megashop/template/module/pavhomebuilder.tpl on line 25
2015-06-11 1:04:57 - PHP Notice:  Undefined variable: tab in /var/www/html/dothotuongphat2/catalog/view/theme/megashop/template/module/pavhomebuilder.tpl on line 25
2015-06-11 1:04:57 - PHP Notice:  Undefined variable: tab in /var/www/html/dothotuongphat2/catalog/view/theme/megashop/template/module/pavhomebuilder.tpl on line 25
2015-06-11 1:20:07 - PHP Notice:  Undefined variable: tab in /var/www/html/dothotuongphat2/catalog/view/theme/megashop/template/module/pavhomebuilder.tpl on line 25
2015-06-11 1:20:07 - PHP Notice:  Undefined variable: tab in /var/www/html/dothotuongphat2/catalog/view/theme/megashop/template/module/pavhomebuilder.tpl on line 25
2015-06-11 1:20:18 - PHP Notice:  Undefined variable: tab in /var/www/html/dothotuongphat2/catalog/view/theme/megashop/template/module/pavhomebuilder.tpl on line 25
2015-06-11 1:20:18 - PHP Notice:  Undefined variable: tab in /var/www/html/dothotuongphat2/catalog/view/theme/megashop/template/module/pavhomebuilder.tpl on line 25
2015-06-11 1:20:33 - PHP Notice:  Undefined variable: tab in /var/www/html/dothotuongphat2/catalog/view/theme/megashop/template/module/pavhomebuilder.tpl on line 25
2015-06-11 1:20:33 - PHP Notice:  Undefined variable: tab in /var/www/html/dothotuongphat2/catalog/view/theme/megashop/template/module/pavhomebuilder.tpl on line 25
2015-06-11 1:21:01 - PHP Notice:  Undefined variable: tab in /var/www/html/dothotuongphat2/catalog/view/theme/megashop/template/module/pavhomebuilder.tpl on line 25
2015-06-11 1:21:02 - PHP Notice:  Undefined variable: tab in /var/www/html/dothotuongphat2/catalog/view/theme/megashop/template/module/pavhomebuilder.tpl on line 25
2015-06-11 1:21:22 - PHP Notice:  Undefined variable: tab in /var/www/html/dothotuongphat2/catalog/view/theme/megashop/template/module/pavhomebuilder.tpl on line 25
2015-06-11 1:21:22 - PHP Notice:  Undefined variable: tab in /var/www/html/dothotuongphat2/catalog/view/theme/megashop/template/module/pavhomebuilder.tpl on line 25
2015-06-11 1:21:25 - PHP Notice:  Undefined variable: tab in /var/www/html/dothotuongphat2/catalog/view/theme/megashop/template/module/pavhomebuilder.tpl on line 25
2015-06-11 1:21:25 - PHP Notice:  Undefined variable: tab in /var/www/html/dothotuongphat2/catalog/view/theme/megashop/template/module/pavhomebuilder.tpl on line 25
2015-06-11 1:22:14 - PHP Notice:  Undefined variable: tab in /var/www/html/dothotuongphat2/catalog/view/theme/megashop/template/module/pavhomebuilder.tpl on line 25
2015-06-11 1:22:14 - PHP Notice:  Undefined variable: tab in /var/www/html/dothotuongphat2/catalog/view/theme/megashop/template/module/pavhomebuilder.tpl on line 25
2015-06-11 1:23:20 - PHP Notice:  Undefined variable: tab in /var/www/html/dothotuongphat2/catalog/view/theme/megashop/template/module/pavhomebuilder.tpl on line 25
2015-06-11 1:23:21 - PHP Notice:  Undefined variable: tab in /var/www/html/dothotuongphat2/catalog/view/theme/megashop/template/module/pavhomebuilder.tpl on line 25
2015-06-11 1:23:42 - PHP Notice:  Undefined variable: tab in /var/www/html/dothotuongphat2/catalog/view/theme/megashop/template/module/pavhomebuilder.tpl on line 25
2015-06-11 1:23:42 - PHP Notice:  Undefined variable: tab in /var/www/html/dothotuongphat2/catalog/view/theme/megashop/template/module/pavhomebuilder.tpl on line 25
2015-06-11 1:23:54 - PHP Notice:  Undefined variable: tab in /var/www/html/dothotuongphat2/catalog/view/theme/megashop/template/module/pavhomebuilder.tpl on line 25
2015-06-11 1:23:54 - PHP Notice:  Undefined variable: tab in /var/www/html/dothotuongphat2/catalog/view/theme/megashop/template/module/pavhomebuilder.tpl on line 25
2015-06-11 1:25:01 - PHP Notice:  Undefined variable: tab in /var/www/html/dothotuongphat2/catalog/view/theme/megashop/template/module/pavhomebuilder.tpl on line 25
2015-06-11 1:25:01 - PHP Notice:  Undefined variable: tab in /var/www/html/dothotuongphat2/catalog/view/theme/megashop/template/module/pavhomebuilder.tpl on line 25
2015-06-11 1:25:15 - PHP Notice:  Undefined variable: tab in /var/www/html/dothotuongphat2/catalog/view/theme/megashop/template/module/pavhomebuilder.tpl on line 25
2015-06-11 1:25:15 - PHP Notice:  Undefined variable: tab in /var/www/html/dothotuongphat2/catalog/view/theme/megashop/template/module/pavhomebuilder.tpl on line 25
2015-06-11 1:27:12 - PHP Notice:  Undefined variable: tab in /var/www/html/dothotuongphat2/catalog/view/theme/megashop/template/module/pavhomebuilder.tpl on line 25
2015-06-11 1:27:12 - PHP Notice:  Undefined variable: tab in /var/www/html/dothotuongphat2/catalog/view/theme/megashop/template/module/pavhomebuilder.tpl on line 25
2015-06-11 1:27:24 - PHP Notice:  Undefined variable: tab in /var/www/html/dothotuongphat2/catalog/view/theme/megashop/template/module/pavhomebuilder.tpl on line 25
2015-06-11 1:27:24 - PHP Notice:  Undefined variable: tab in /var/www/html/dothotuongphat2/catalog/view/theme/megashop/template/module/pavhomebuilder.tpl on line 25
2015-06-11 1:52:36 - PHP Notice:  Undefined variable: id in /var/www/html/dothotuongphat2/catalog/view/theme/megashop/template/module/pavproducttabs.tpl on line 46
2015-06-11 1:52:36 - PHP Notice:  Undefined variable: id in /var/www/html/dothotuongphat2/catalog/view/theme/megashop/template/module/pavproducttabs.tpl on line 48
2015-06-11 1:52:36 - PHP Notice:  Undefined variable: id in /var/www/html/dothotuongphat2/catalog/view/theme/megashop/template/module/pavproducttabs.tpl on line 55
2015-06-11 1:52:36 - PHP Notice:  Undefined variable: id in /var/www/html/dothotuongphat2/catalog/view/theme/megashop/template/module/pavproducttabs.tpl on line 55
2015-06-11 1:52:36 - PHP Notice:  Undefined variable: id in /var/www/html/dothotuongphat2/catalog/view/theme/megashop/template/module/pavproducttabs.tpl on line 59
2015-06-11 1:52:36 - PHP Notice:  Undefined variable: id in /var/www/html/dothotuongphat2/catalog/view/theme/megashop/template/module/pavproducttabs.tpl on line 62
2015-06-11 1:52:36 - PHP Notice:  Undefined variable: id in /var/www/html/dothotuongphat2/catalog/view/theme/megashop/template/module/pavproducttabs.tpl on line 94
2015-06-11 1:52:36 - PHP Notice:  Undefined variable: id in /var/www/html/dothotuongphat2/catalog/view/theme/megashop/template/module/pavproducttabs.tpl on line 96
2015-06-11 1:52:36 - PHP Notice:  Undefined variable: id in /var/www/html/dothotuongphat2/catalog/view/theme/megashop/template/module/pavproducttabs.tpl on line 46
2015-06-11 1:52:36 - PHP Notice:  Undefined variable: id in /var/www/html/dothotuongphat2/catalog/view/theme/megashop/template/module/pavproducttabs.tpl on line 48
2015-06-11 1:52:36 - PHP Notice:  Undefined variable: id in /var/www/html/dothotuongphat2/catalog/view/theme/megashop/template/module/pavproducttabs.tpl on line 55
2015-06-11 1:52:36 - PHP Notice:  Undefined variable: id in /var/www/html/dothotuongphat2/catalog/view/theme/megashop/template/module/pavproducttabs.tpl on line 55
2015-06-11 1:52:36 - PHP Notice:  Undefined variable: id in /var/www/html/dothotuongphat2/catalog/view/theme/megashop/template/module/pavproducttabs.tpl on line 59
2015-06-11 1:52:36 - PHP Notice:  Undefined variable: id in /var/www/html/dothotuongphat2/catalog/view/theme/megashop/template/module/pavproducttabs.tpl on line 62
2015-06-11 1:52:36 - PHP Notice:  Undefined variable: id in /var/www/html/dothotuongphat2/catalog/view/theme/megashop/template/module/pavproducttabs.tpl on line 94
2015-06-11 1:52:36 - PHP Notice:  Undefined variable: id in /var/www/html/dothotuongphat2/catalog/view/theme/megashop/template/module/pavproducttabs.tpl on line 96
2015-06-11 1:53:10 - PHP Notice:  Undefined variable: id in /var/www/html/dothotuongphat2/catalog/view/theme/megashop/template/module/pavproducttabs.tpl on line 46
2015-06-11 1:53:10 - PHP Notice:  Undefined variable: id in /var/www/html/dothotuongphat2/catalog/view/theme/megashop/template/module/pavproducttabs.tpl on line 48
2015-06-11 1:53:10 - PHP Notice:  Undefined variable: id in /var/www/html/dothotuongphat2/catalog/view/theme/megashop/template/module/pavproducttabs.tpl on line 55
2015-06-11 1:53:10 - PHP Notice:  Undefined variable: id in /var/www/html/dothotuongphat2/catalog/view/theme/megashop/template/module/pavproducttabs.tpl on line 55
2015-06-11 1:53:10 - PHP Notice:  Undefined variable: id in /var/www/html/dothotuongphat2/catalog/view/theme/megashop/template/module/pavproducttabs.tpl on line 59
2015-06-11 1:53:10 - PHP Notice:  Undefined variable: id in /var/www/html/dothotuongphat2/catalog/view/theme/megashop/template/module/pavproducttabs.tpl on line 62
2015-06-11 1:53:10 - PHP Notice:  Undefined variable: id in /var/www/html/dothotuongphat2/catalog/view/theme/megashop/template/module/pavproducttabs.tpl on line 94
2015-06-11 1:53:10 - PHP Notice:  Undefined variable: id in /var/www/html/dothotuongphat2/catalog/view/theme/megashop/template/module/pavproducttabs.tpl on line 96
2015-06-11 1:53:10 - PHP Notice:  Undefined variable: id in /var/www/html/dothotuongphat2/catalog/view/theme/megashop/template/module/pavproducttabs.tpl on line 46
2015-06-11 1:53:10 - PHP Notice:  Undefined variable: id in /var/www/html/dothotuongphat2/catalog/view/theme/megashop/template/module/pavproducttabs.tpl on line 48
2015-06-11 1:53:10 - PHP Notice:  Undefined variable: id in /var/www/html/dothotuongphat2/catalog/view/theme/megashop/template/module/pavproducttabs.tpl on line 55
2015-06-11 1:53:10 - PHP Notice:  Undefined variable: id in /var/www/html/dothotuongphat2/catalog/view/theme/megashop/template/module/pavproducttabs.tpl on line 55
2015-06-11 1:53:10 - PHP Notice:  Undefined variable: id in /var/www/html/dothotuongphat2/catalog/view/theme/megashop/template/module/pavproducttabs.tpl on line 59
2015-06-11 1:53:10 - PHP Notice:  Undefined variable: id in /var/www/html/dothotuongphat2/catalog/view/theme/megashop/template/module/pavproducttabs.tpl on line 62
2015-06-11 1:53:10 - PHP Notice:  Undefined variable: id in /var/www/html/dothotuongphat2/catalog/view/theme/megashop/template/module/pavproducttabs.tpl on line 94
2015-06-11 1:53:10 - PHP Notice:  Undefined variable: id in /var/www/html/dothotuongphat2/catalog/view/theme/megashop/template/module/pavproducttabs.tpl on line 96
